# JRE version: OpenJDK Runtime Environment Microsoft-11933218 (21.0.8+9) (build 21.0.8+9-LTS)
# Java VM: OpenJDK 64-Bit Server VM Microsoft-11933218 (21.0.8+9-LTS, mixed mode, sharing, tiered, compressed oops, compressed class ptrs, g1 gc, windows-amd64)
GC Precious Log:
 CardTable entry size: 512
 Card Set container configuration: InlinePtr #cards 5 size 8 Array Of Cards #cards 12 size 40 Howl #buckets 4 coarsen threshold 1843 Howl Bitmap #cards 512 size 80 coarsen threshold 460 Card regions per heap region 1 cards per card region 2048
 CPUs: 8 total, 8 available
 Memory: 7991M
 Large Page Support: Disabled
 NUMA Support: Disabled
 Compressed Oops: Enabled (32-bit)
 Heap Region Size: 1M
 Heap Min Capacity: 8M
 Heap Initial Capacity: 126M
 Heap Max Capacity: 1G
 Pre-touch: Disabled
 Parallel Workers: 8
 Concurrent Workers: 2
 Concurrent Refinement Workers: 8
 Periodic GC: Disabled
Heap:
 garbage-first heap   total 558080K, used 356332K [0x00000000c0000000, 0x0000000100000000)
  region size 1024K, 73 young (74752K), 11 survivors (11264K)
 Metaspace       used 20666K, committed 20992K, reserved 1114112K
  class space    used 2680K, committed 2816K, reserved 1048576K
GC Heap History (20 events):
Event: 31.330 GC heap before
{Heap before GC invocations=25 (full 0):
 garbage-first heap   total 435200K, used 375296K [0x00000000c0000000, 0x0000000100000000)
  region size 1024K, 105 young (107520K), 11 survivors (11264K)
 Metaspace       used 12913K, committed 13120K, reserved 1114112K
  class space    used 1615K, committed 1728K, reserved 1048576K
}
Event: 31.365 GC heap after
{Heap after GC invocations=26 (full 0):
 garbage-first heap   total 435200K, used 286208K [0x00000000c0000000, 0x0000000100000000)
  region size 1024K, 14 young (14336K), 14 survivors (14336K)
 Metaspace       used 12913K, committed 13120K, reserved 1114112K
  class space    used 1615K, committed 1728K, reserved 1048576K
}
Event: 32.124 GC heap before
{Heap before GC invocations=26 (full 0):
 garbage-first heap   total 435200K, used 331264K [0x00000000c0000000, 0x0000000100000000)
  region size 1024K, 60 young (61440K), 14 survivors (14336K)
 Metaspace       used 16399K, committed 16576K, reserved 1114112K
  class space    used 2224K, committed 2304K, reserved 1048576K
}
Event: 32.144 GC heap after
{Heap after GC invocations=27 (full 0):
 garbage-first heap   total 558080K, used 298496K [0x00000000c0000000, 0x0000000100000000)
  region size 1024K, 10 young (10240K), 10 survivors (10240K)
 Metaspace       used 16399K, committed 16576K, reserved 1114112K
  class space    used 2224K, committed 2304K, reserved 1048576K
}
Event: 32.154 GC heap before
{Heap before GC invocations=27 (full 0):
 garbage-first heap   total 558080K, used 299520K [0x00000000c0000000, 0x0000000100000000)
  region size 1024K, 11 young (11264K), 10 survivors (10240K)
 Metaspace       used 16417K, committed 16640K, reserved 1114112K
  class space    used 2225K, committed 2304K, reserved 1048576K
}
Event: 32.162 GC heap after
{Heap after GC invocations=28 (full 0):
 garbage-first heap   total 558080K, used 297846K [0x00000000c0000000, 0x0000000100000000)
  region size 1024K, 9 young (9216K), 9 survivors (9216K)
 Metaspace       used 16417K, committed 16640K, reserved 1114112K
  class space    used 2225K, committed 2304K, reserved 1048576K
}
Event: 34.861 GC heap before
{Heap before GC invocations=29 (full 0):
 garbage-first heap   total 558080K, used 485238K [0x00000000c0000000, 0x0000000100000000)
  region size 1024K, 176 young (180224K), 9 survivors (9216K)
 Metaspace       used 19989K, committed 20288K, reserved 1114112K
  class space    used 2617K, committed 2752K, reserved 1048576K
}
Event: 34.870 GC heap after
{Heap after GC invocations=30 (full 0):
 garbage-first heap   total 558080K, used 305243K [0x00000000c0000000, 0x0000000100000000)
  region size 1024K, 11 young (11264K), 11 survivors (11264K)
 Metaspace       used 19989K, committed 20288K, reserved 1114112K
  class space    used 2617K, committed 2752K, reserved 1048576K
}
Event: 36.319 GC heap before
{Heap before GC invocations=30 (full 0):
 garbage-first heap   total 558080K, used 490587K [0x00000000c0000000, 0x0000000100000000)
  region size 1024K, 193 young (197632K), 11 survivors (11264K)
 Metaspace       used 20259K, committed 20608K, reserved 1114112K
  class space    used 2644K, committed 2816K, reserved 1048576K
}
Event: 36.333 GC heap after
{Heap after GC invocations=31 (full 0):
 garbage-first heap   total 558080K, used 293477K [0x00000000c0000000, 0x0000000100000000)
  region size 1024K, 13 young (13312K), 13 survivors (13312K)
 Metaspace       used 20259K, committed 20608K, reserved 1114112K
  class space    used 2644K, committed 2816K, reserved 1048576K
}
Event: 37.839 GC heap before
{Heap before GC invocations=31 (full 0):
 garbage-first heap   total 558080K, used 505445K [0x00000000c0000000, 0x0000000100000000)
  region size 1024K, 220 young (225280K), 13 survivors (13312K)
 Metaspace       used 20435K, committed 20736K, reserved 1114112K
  class space    used 2655K, committed 2816K, reserved 1048576K
}
Event: 37.857 GC heap after
{Heap after GC invocations=32 (full 0):
 garbage-first heap   total 558080K, used 295286K [0x00000000c0000000, 0x0000000100000000)
  region size 1024K, 15 young (15360K), 15 survivors (15360K)
 Metaspace       used 20435K, committed 20736K, reserved 1114112K
  class space    used 2655K, committed 2816K, reserved 1048576K
}
Event: 39.891 GC heap before
{Heap before GC invocations=33 (full 0):
 garbage-first heap   total 558080K, used 512374K [0x00000000c0000000, 0x0000000100000000)
  region size 1024K, 227 young (232448K), 15 survivors (15360K)
 Metaspace       used 20515K, committed 20800K, reserved 1114112K
  class space    used 2668K, committed 2816K, reserved 1048576K
}
Event: 39.906 GC heap after
{Heap after GC invocations=34 (full 0):
 garbage-first heap   total 558080K, used 296548K [0x00000000c0000000, 0x0000000100000000)
  region size 1024K, 16 young (16384K), 16 survivors (16384K)
 Metaspace       used 20515K, committed 20800K, reserved 1114112K
  class space    used 2668K, committed 2816K, reserved 1048576K
}
Event: 41.491 GC heap before
{Heap before GC invocations=34 (full 0):
 garbage-first heap   total 558080K, used 511588K [0x00000000c0000000, 0x0000000100000000)
  region size 1024K, 226 young (231424K), 16 survivors (16384K)
 Metaspace       used 20570K, committed 20928K, reserved 1114112K
  class space    used 2674K, committed 2816K, reserved 1048576K
}
Event: 41.529 GC heap after
{Heap after GC invocations=35 (full 0):
 garbage-first heap   total 558080K, used 291654K [0x00000000c0000000, 0x0000000100000000)
  region size 1024K, 17 young (17408K), 17 survivors (17408K)
 Metaspace       used 20570K, committed 20928K, reserved 1114112K
  class space    used 2674K, committed 2816K, reserved 1048576K
}
Event: 43.465 GC heap before
{Heap before GC invocations=35 (full 0):
 garbage-first heap   total 558080K, used 510790K [0x00000000c0000000, 0x0000000100000000)
  region size 1024K, 231 young (236544K), 17 survivors (17408K)
 Metaspace       used 20619K, committed 20928K, reserved 1114112K
  class space    used 2678K, committed 2816K, reserved 1048576K
}
Event: 43.484 GC heap after
{Heap after GC invocations=36 (full 0):
 garbage-first heap   total 558080K, used 292587K [0x00000000c0000000, 0x0000000100000000)
  region size 1024K, 10 young (10240K), 10 survivors (10240K)
 Metaspace       used 20619K, committed 20928K, reserved 1114112K
  class space    used 2678K, committed 2816K, reserved 1048576K
}
Event: 45.599 GC heap before
{Heap before GC invocations=37 (full 0):
 garbage-first heap   total 558080K, used 517867K [0x00000000c0000000, 0x0000000100000000)
  region size 1024K, 231 young (236544K), 10 survivors (10240K)
 Metaspace       used 20666K, committed 20992K, reserved 1114112K
  class space    used 2680K, committed 2816K, reserved 1048576K
}
Event: 45.614 GC heap after
{Heap after GC invocations=38 (full 0):
 garbage-first heap   total 558080K, used 293868K [0x00000000c0000000, 0x0000000100000000)
  region size 1024K, 11 young (11264K), 11 survivors (11264K)
 Metaspace       used 20666K, committed 20992K, reserved 1114112K
  class space    used 2680K, committed 2816K, reserved 1048576K
}

